239,59 238,58 239,57 240,56 241,55 242,54 243,53 244,52 245,52 246,52 247,52 248,52 249,53 249,54 249,55 249,56 249,57 248,58 247,59 246,60 245,60 244,60 243,60 242,60 241,60 240,59
52,1 52,2 52,3 51,4 50,5 49,5 48,5 47,4 46,4 45,3 44,4 43,4 42,4 41,3 40,2 40,1 41,0 42,0 43,0 44,0 45,0 46,0 47,0 48,0 49,0 50,0 51,0
35,239 35,238 36,237 35,236 34,235 33,234 32,233 31,232 31,231 31,230 32,229 32,228 32,227 32,226 31,225 30,224 29,224 28,224 27,224 26,224 25,224 24,225 23,226 22,227 22,228 22,229 22,230 22,231 22,232 22,233 22,234 22,235 23,236 24,237 25,238 26,239 27,240 28,240 29,239 30,240 31,240 32,240 33,240 34,240
27,172 26,171 25,171 24,170 23,171 22,170 21,170 20,169 19,168 18,167 17,166 16,165 15,164 14,164 13,165 12,164 11,164 10,163 9,162 10,163 11,164 12,165 13,166 14,167 15,168 15,169 16,170 17,171 18,172 19,173 20,174 21,174 22,174 23,174 24,174 25,174 26,174 27,174 28,174 29,174 30,174 31,174 32,174 33,174 34,174 35,174 36,174 37,174 38,174 37,173 36,173 35,173 34,172 33,172 32,172 31,172 30,172 29,172 28,172 27,172 26,171 25,171 24,170 23,171 22,170 21,170 20,169 19,168 18,167 17,166 16,165 15,164 14,164 13,165 12,164 11,164 10,163 9,162 9,161 9,160 10,161 9,162 10,163 11,164 12,165 13,166 14,167 15,168 15,169 16,170 17,170 18,170 19,170 20,169 21,170 22,170 23,171 24,170 25,171 26,171 27,172 28,172 29,172 30,172 31,172 32,172 33,172 34,172 35,173 36,173 37,173 38,174 39,173 40,172 40,171 40,170 39,169 38,168 37,167 36,166 35,165 34,164 33,163 32,162 31,161 30,161 29,160 28,160 27,159 26,158 25,157 24,156 23,155 22,154 21,153 20,153 19,153 18,153 17,152 16,151 15,150 14,150 13,151 12,152 11,153 11,154 11,155 12,156 12,157 11,158 10,159 9,160 10,161 9,162 10,163 11,164 12,165 13,166 14,167 15,168 15,169 16,170 17,171 18,172 19,172 20,172 21,172 22,172 23,172 24,172 25,172 26,172
98,223 98,224 98,225 98,226 97,227 98,228 99,229 100,230 100,231 100,232 100,233 100,234 99,235 100,236 100,237 100,238 100,239 99,240 99,241 100,242 101,242 102,242 103,242 104,241 105,240 106,240 107,239 108,238 109,237 110,237 111,236 110,235 110,234 109,233 110,232 110,231 110,230 110,229 109,228 110,227 110,226 110,225 110,224 110,223 110,222 110,221 110,220 109,219 109,218 108,217 107,217 106,218 105,219 104,220 103,220 102,221 101,221 100,221 99,222
49,10 48,11 47,12 46,13 47,14 48,15 48,16 47,17 47,18 47,19 47,20 47,21 48,22 49,23 50,23 51,24 52,25 53,26 54,27 55,28 56,29 57,30 58,31 59,32 60,32 61,32 62,32 63,33 64,33 65,32 66,32 67,31 68,30 69,29 70,28 71,27 72,26 73,25 74,25 75,25 76,24 76,23 76,22 77,21 78,20 79,19 80,18 81,17 82,16 83,15 83,14 83,13 83,12 82,11 81,10 80,9 79,8 78,7 77,6 76,6 75,6 74,6 73,6 72,6 71,6 70,6 69,6 68,6 67,6 66,6 65,7 64,7 63,8 62,9 61,10 60,10 59,10 58,10 57,10 56,10 55,10 54,10 53,10 52,10 51,10 50,10
215,1 214,2 213,3 212,4 212,5 212,6 212,7 212,8 213,7 213,6 213,5 214,4 215,3 215,2 215,1 216,0 217,0 218,0 219,0 220,0 221,0 222,0 223,0 224,0 225,0 226,0 227,0 228,0 229,0 230,0 231,0 232,1 232,2 231,3 231,4 231,5 230,6 229,7 228,7 227,8 228,9 227,10 226,11 226,12 226,13 225,14 224,13 223,13 222,12 221,11 220,11 219,11 218,11 217,11 216,11 215,11 214,10 213,9 212,8 213,7 213,6 213,5 214,4 215,3 215,2
243,152 242,151 241,150 240,149 239,148 238,147 238,146 239,145 240,144 241,143 242,142 242,141 243,140 244,140 245,141 246,142 247,143 248,144 249,145 249,146 249,147 248,148 247,149 246,150 245,151 244,152
29,1 30,1 31,0 32,1 33,2 33,3 32,4 31,4 30,5 29,4 28,4 27,3 28,2
141,130 140,129 139,128 140,127 141,126 142,127 143,128 143,129 142,130
12,144 11,145 11,146 11,147 10,148 9,149 8,150 7,151 6,152 5,152 4,152 3,153 2,153 1,152 1,151 0,150 0,149 0,148 0,147 0,146 0,145 0,144 0,143 1,142 2,141 3,140 4,140 5,139 6,140 7,140 8,140 9,141 10,142 11,143
152,40 151,41 150,42 149,43 148,43 147,42 147,41 147,40 147,39 148,38 149,37 150,37 151,37 152,38 152,39
146,44 145,44 144,45 145,46 144,47 145,48 146,49 147,49 148,49 149,48 150,47 149,46 148,45 147,44
63,129 62,128 61,127 60,126 59,125 58,125 57,125 56,125 55,125 54,125 53,125 52,124 51,124 50,124 49,125 48,126 48,127 48,128 48,129 49,130 50,131 51,132 52,133 52,134 51,135 50,136 49,137 49,138 49,139 50,140 51,141 52,142 53,142 54,142 55,142 56,142 57,142 58,142 59,142 60,142 61,142 62,142 63,142 64,142 65,141 66,140 66,139 65,138 64,137 63,136 63,135 63,134 63,133 63,132 63,131 63,130
12,236 13,235 12,234 11,235
200,117 199,118 198,119 197,120 197,121 197,122 197,123 197,122 197,121 198,120 198,119 199,118 200,117 201,117 202,118 202,119 202,120 202,121 201,122 201,123 200,124 199,124 198,124 197,123 197,122 197,121 198,120 198,119 199,118
198,36 197,35 196,34 196,33 196,32 196,33 197,34 197,35 198,36 199,36 200,36 201,35 202,34 203,33 203,32 204,31 205,30 206,29 206,28 206,27 206,26 206,25 206,24 206,23 206,22 205,21 204,21 203,21 202,21 201,22 200,23 199,24 198,25 198,26 198,27 198,28 198,29 197,30 197,31 196,32 196,33 197,34 197,35
103,217 104,217 105,216 106,215 107,215 108,215 109,215 110,216 111,216 112,216 113,216 114,215 115,215 116,214 115,213 114,212 113,211 112,211 111,211 110,211 109,211 108,211 107,212 106,212 105,212 104,212 103,212 102,213 101,214 101,215 102,216
76,53 77,52 78,51 79,50 80,49 79,48 80,47 80,46 80,45 80,44 80,43 79,44 79,45 79,46 78,47 78,48 78,49 77,50 76,51 77,52 76,53 75,53 74,52 73,52 72,51 71,50 70,50 69,49 69,48 68,47 69,46 69,45 70,44 71,43 72,42 73,41 74,40 75,39 76,38 77,38 78,39 79,40 80,41 80,42 80,43 79,44 79,45 79,46 78,47 78,48 78,49 77,50 76,51 77,52
189,117 188,118 187,119 186,120 185,121 184,122 183,123 183,124 183,125 183,126 183,125 184,124 185,123 186,122 187,121 188,120 189,119 189,118 189,117 190,116 191,116 192,117 193,118 194,119 195,120 195,121 195,122 194,123 194,124 193,125 192,126 191,127 190,127 189,127 188,127 187,127 186,127 185,127 184,127 183,126 183,125 184,124 185,123 186,122 187,121 188,120 189,119 189,118
173,162 172,161 171,161 170,161 169,161 168,161 167,161 166,160 165,160 164,160 163,160 162,161 161,161 160,162 160,163 159,164 159,165 159,166 159,167 160,168 159,169 160,170 159,171 160,172 161,173 162,174 163,175 164,176 165,177 166,177 167,176 168,177 169,177 170,177 171,177 172,177 173,177 174,176 175,175 175,174 175,173 175,172 175,171 174,170 173,169 173,168 173,167 173,166 173,165 173,164 173,163
18,33 18,34 18,35 18,36 17,37 16,38 15,37 14,37 13,37 12,36 11,35 11,34 11,33 11,32 12,31 13,31 14,31 15,31 16,31 17,32
77,108 77,107 76,106 77,105 78,104 79,104 80,104 79,105 78,105 77,105 76,106 77,107 77,108 78,109 79,110 80,111 81,112 81,113 81,114 82,115 83,116 84,116 85,116 86,115 87,114 87,113 87,112 87,111 87,110 87,109 87,108 86,107 85,107 84,107 83,106 82,105 81,105 80,104 79,105 78,105 77,105 76,106 77,107
197,114 198,115 199,116 200,116 201,116 202,116 203,116 204,116 203,116 202,116 201,116 200,116 199,116 198,115 197,114 196,113 196,112 197,113 197,114 198,115 199,116 200,116 201,116 202,116 203,116 204,116 205,115 206,114 207,113 207,112 207,111 206,110 206,109 205,108 205,107 204,106 203,105 202,105 201,106 200,106 199,107 198,108 197,109 196,110 196,111 196,112 197,113
160,210 160,211 160,212 159,213 158,214 158,215 158,216 158,217 158,218 157,219 156,220 155,220 156,220 157,219 158,218 158,217 158,216 158,215 158,214 159,213 160,212 160,211 160,210 159,209 158,208 157,207 156,207 155,207 154,208 153,209 153,210 153,211 152,212 153,213 153,214 153,215 153,216 153,217 153,218 154,219 155,220 156,220 157,219 158,218 159,217 160,216 160,215 160,214 160,213 160,212 160,211
109,248 110,248 111,248 112,247 112,246 112,245 111,244 110,244 109,244 108,245 108,246 108,247
177,46 178,45 179,44 180,43 181,42 182,41 182,40 182,39 182,38 182,37 182,36 182,35 182,34 182,33 182,34 182,35 182,36 181,37 181,38 180,39 179,40 179,41 179,42 179,43 179,44 178,45 177,46 176,46 175,46 174,45 173,44 172,43 171,42 170,41 169,40 168,39 167,39 166,38 165,37 164,36 163,35 162,34 161,33 160,32 160,31 160,30 159,29 158,28 158,27 158,26 158,25 158,24 159,23 160,22 161,23 162,24 163,25 164,25 165,25 166,25 167,25 168,25 169,26 170,27 171,28 172,29 173,29 174,30 175,30 176,30 177,30 178,30 179,30 180,30 181,31 181,32 182,33 182,34 182,35 182,36 181,37 181,38 180,39 179,40 179,41 179,42 179,43 179,44 178,45
239,82 238,83 238,84 239,85 240,86 240,87 240,88 240,89 240,90 240,91 240,92 241,93 241,94 241,95 241,96 241,97 242,98 242,99 243,100 244,101 245,101 246,100 247,99 248,99 249,98 249,97 249,96 249,95 249,94 249,93 249,92 249,91 249,90 249,89 248,88 247,87 246,86 245,85 244,84 243,83 242,82 241,82 240,82
94,152 93,151 92,150 91,150 90,150 89,151 88,151 89,151 90,150 91,150 92,150 93,151 94,152 94,153 94,154 93,155 92,155 91,155 90,155 89,155 88,155 87,154 86,153 87,152 88,151 89,151 90,150 91,150 92,150 93,151
108,81 107,80 106,81 107,82
7,78 8,79 9,79 10,80 11,80 12,79 13,79 14,78 14,77 14,76 13,75 12,74 11,74 10,74 9,75 8,76 7,77
50,203 49,204 49,205 49,206 48,207 47,208 46,208 45,209 44,209 43,209 42,208 41,208 40,208 39,209 38,208 37,208 36,208 35,207 36,208 37,208 38,208 39,209 40,208 41,208 42,208 43,209 44,209 45,209 46,208 47,208 48,207 49,206 50,205 50,204 50,203 50,202 50,201 50,200 49,199 48,199 47,199 46,199 45,200 44,200 43,200 42,200 41,200 40,200 39,200 38,199 37,199 36,198 35,199 34,200 34,201 34,202 34,201 34,200 35,199 36,198 37,199 38,199 39,200 40,201 41,201 42,202 43,202 44,201 45,200 46,199 47,199 48,199 49,199 50,200 50,201 50,202
107,59 107,58 108,57 109,56 110,55 111,56 112,56 113,56 114,57 115,57 116,57 117,58 118,59 119,60 120,61 120,62 120,63 120,64 121,65 122,66 122,67 121,68 120,69 120,70 120,71 120,72 120,73 120,74 121,75 122,76 122,77 122,78 121,79 120,80 119,80 118,80 117,79 116,78 115,77 114,76 113,75 112,74 111,73 110,72 109,71 108,70 107,69 107,68 107,67 107,66 107,65 107,64 107,63 107,62 107,61 107,60
164,79 165,80 165,81 165,82 166,83 167,84 168,85 167,86 167,87 167,88 167,89 167,90 168,91 169,91 170,91 171,91 172,91 173,91 174,91 175,91 176,91 177,91 178,91 179,90 180,90 181,89 182,88 183,87 184,88 185,89 186,90 187,90 188,89 189,88 190,87 190,86 190,85 190,84 190,83 189,82 190,81 190,80 190,79 190,78 190,77 191,76 191,75 191,74 192,73 192,72 191,71 190,70 189,70 188,70 187,70 186,70 185,70 184,70 183,69 182,69 181,70 180,71 179,72 178,73 177,73 176,73 175,72 174,73 173,74 172,75 171,76 170,77 169,77 168,77 167,77 166,77 165,78
139,136 138,135 137,134 136,133 135,132 134,131 133,130 132,130 131,130 130,130 129,130 128,131 127,132 126,133 125,134 124,135 123,136 122,136 121,135 120,135 119,135 118,136 117,137 116,138 116,139 115,140 115,141 116,142 117,142 118,142 119,142 120,142 121,142 122,142 123,142 124,142 125,142 126,142 127,141 128,141 129,140 130,139 131,139 132,138 133,139 134,139 135,140 136,140 137,139 138,138 139,137
114,188 115,187 114,188 114,189 114,190 114,191 115,192 115,193 115,194 115,195 114,196 115,197 115,198 115,199 115,200 115,201 115,202 115,203 115,204 115,205 115,206 115,207 115,208 115,209 115,210 115,211 115,212 115,213 116,214 115,215 115,216 116,215 116,214 116,213 116,212 116,211 116,210 116,209 116,208 116,207 116,206 116,205 116,204 116,203 116,202 116,201 116,200 115,199 115,198 116,197 116,196 116,195 116,194 116,193 115,192 114,191 114,190 114,189 114,188 115,187 116,187 117,188 118,188 119,189 120,190 121,190 122,191 123,192 124,193 125,194 126,193 127,192 128,191 129,190 130,190 131,190 132,191 133,192 134,193 135,194 136,195 137,196 138,197 139,198 140,199 141,199 142,200 143,201 144,202 145,203 146,204 147,205 147,206 147,207 147,208 147,209 147,210 146,211 145,212 144,213 143,214 142,215 141,216 140,217 139,218 138,219 137,220 136,221 135,221 134,221 133,221 132,222 131,222 130,223 129,224 128,225 127,226 126,227 125,228 124,228 123,228 122,228 121,228 120,228 119,228 118,228 117,228 116,227 115,226 114,225 114,224 114,223 114,222 114,221 114,220 114,219 114,218 114,217 114,216 115,215 116,214 115,213 114,212 114,211 114,210 114,209 114,208 114,207 114,206 114,205 114,204 114,203 114,202 114,201 114,200 113,199 114,198 114,197 114,196 114,195 114,194 114,193 114,192 114,191 114,190 114,189
170,129 170,128 170,127 170,126 170,125 170,124 170,123 170,122 170,121 170,120 170,119 170,120 171,121 171,122 172,123 172,124 172,125 171,126 170,127 170,128 170,129 171,130 171,131 172,132 173,132 174,131 175,130 176,129 177,128 178,128 179,128 180,128 181,128 182,128 183,127 183,126 183,125 183,124 183,123 183,122 183,121 183,120 183,119 183,118 183,117 183,116 182,115 183,114 183,113 183,112 183,111 183,110 183,109 183,108 182,107 181,108 180,109 179,110 178,111 177,112 176,113 175,114 174,115 173,116 172,117 171,118 170,119 170,120 170,121 170,122 170,123 170,124 170,125 170,126 170,127 170,128
225,245 224,244 224,243 223,242 222,241 222,240 223,239 223,238 224,237 225,236 225,235 226,234 227,235 228,235 229,234 230,234 231,234 232,235 233,236 234,237 234,238 234,239 234,240 234,241 234,242 234,243 234,244 233,245 232,246 231,245 230,245 229,245 228,245 227,245 226,245
154,68 155,67 156,66 157,65 158,64 158,63 158,62 158,61 158,60 159,59 160,58 160,57 160,56 161,55 162,54 163,55 164,55 165,55 166,55 167,56 168,57 169,58 169,59 169,60 169,61 169,62 168,63 169,64 169,65 169,66 169,67 169,68 169,69 169,70 169,71 168,72 167,73 166,74 165,75 164,76 163,76 162,75 161,74 160,73 159,72 158,71 157,70 156,70 155,70 154,69
27,37 26,36 25,35 24,34 23,33 22,33 21,32 20,31 19,30 18,29 17,28 16,27 15,26 14,25 13,24 12,23 11,22 10,21 10,20 10,19 10,18 10,17 10,16 10,15 9,14 9,13 10,12 10,11 11,10 12,11 13,11 14,11 15,11 16,12 17,13 18,13 19,13 20,13 21,13 22,12 23,12 24,12 25,12 26,12 27,13 28,14 29,15 30,16 30,17 30,18 29,19 29,20 30,21 30,22 30,23 30,24 30,25 30,26 30,27 29,28 30,29 31,30 32,31 33,32 33,33 33,34 32,35 31,36 30,37 29,37 28,37
97,82 98,83 99,84 100,85 101,86 102,87 103,88 103,89 103,90 103,91 103,92 103,93 103,94 103,95 103,96 103,97 103,98 104,97 105,96 106,95 107,94 107,93 106,92 105,91 104,90 103,89 102,88 101,87 100,86 99,85 98,84 98,83 97,82 97,81 97,80 98,79 99,80 100,81 101,81 102,81 103,82 104,82 105,81 106,82 107,82 108,82 109,82 110,82 111,82 112,82 113,82 114,82 115,83 116,83 117,84 117,85 118,86 119,87 120,88 120,89 119,90 119,91 119,92 120,93 120,94 121,95 122,96 121,97 120,98 119,99 118,100 117,100 116,100 115,100 114,100 113,100 112,100 111,100 110,100 109,100 108,100 107,100 106,100 105,100 106,100 107,99 108,99 109,99 110,99 111,99 112,99 113,99 114,99 115,99 116,99 117,99 118,99 117,98 116,98 115,98 114,98 113,99 112,99 111,99 110,99 109,99 108,99 107,99 106,100 105,100 104,99 103,98 102,97 101,96 100,95 99,94 98,94 97,93 97,92 97,91 97,90 97,89 97,88 97,87 97,86 97,85 97,84 97,83
210,155 211,155 212,155 211,155 210,155 209,156 208,157 207,158 208,157 209,156 210,155 211,155 212,155 213,156 213,157 213,158 213,159 212,160 211,161 210,162 209,162 208,161 207,160 207,159 207,158 208,157 209,156
156,52 155,53 154,54 153,53 152,52 152,51 152,50 152,49 153,48 154,47 155,48 156,49 156,50 156,51
142,235 143,235 144,235 145,235 146,236 147,237 148,238 149,239 150,240 151,241 152,242 153,243 153,244 154,245 155,246 156,246 157,246 158,245 159,244 159,243 159,242 159,241 159,240 159,239 159,238 159,237 159,236 159,235 158,234 157,233 156,232 155,231 154,230 153,229 152,228 151,227 150,226 149,225 149,224 149,223 149,222 149,221 149,220 148,219 147,218 146,217 145,217 144,218 143,219 142,219 141,220 141,221 141,222 141,223 141,224 141,225 141,226 141,227 141,228 141,229 141,230 141,231 141,232 141,233 141,234
225,65 226,64 227,63 228,62 229,61 230,60 230,59 230,58 230,57 230,56 230,55 229,54 228,54 227,55 226,56 225,56 224,56 223,56 222,56 221,55 220,55 219,55 218,56 218,57 218,58 219,59 220,60 221,61 222,62 223,62 224,63 224,64
100,120 99,119 98,118 97,117 96,116 95,115 94,115 93,114 93,113 93,112 93,111 93,110 93,109 92,108 91,107 91,106 91,105 91,104 92,103 93,102 94,102 95,103 96,103 97,104 98,105 99,106 100,107 101,108 102,109 102,110 103,111 104,112 103,113 103,114 103,115 103,116 104,117 104,118 103,119 102,120 101,120
137,42 138,41 139,40 140,39 141,38 142,37 142,36 142,35 142,36 142,37 141,38 140,39 139,40 138,41 137,42 136,42 135,42 134,41 134,40 134,39 135,38 136,37 137,36 138,35 139,34 140,34 141,34 142,35 142,36 142,37 141,38 140,39 139,40 138,41
30,210 29,210 28,210 27,209 26,209 25,209 24,209 23,210 22,211 21,212 20,213 20,214 20,215 19,216 20,217 20,218 20,219 20,220 20,221 20,222 21,223 22,224 23,224 24,223 25,222 26,222 27,221 28,220 29,219 30,218 31,217 32,216 32,215 32,214 32,213 32,212 31,211 30,210 29,210 28,210 27,209 26,209 25,209 24,209 23,210 22,211 21,212 21,213 22,212 22,211 23,210 24,209 25,209 26,209 27,209 28,210 29,210
188,11 189,12 189,13 189,14 188,15 187,16 186,17 185,18 184,19 183,20 182,20 181,20 180,20 179,20 178,20 177,20 176,19 175,18 174,17 174,16 174,15 174,14 174,13 174,12 174,11 174,10 174,9 175,8 176,8 177,8 178,8 179,8 180,9 181,9 182,9 183,9 184,10 185,10 186,10 187,11
211,37 210,36 209,35 208,34 207,33 206,32 206,31 206,30 206,29 206,28 206,27 206,26 206,25 206,24 206,23 206,22 206,21 205,20 206,19 205,18 205,17 204,16 205,15 206,14 207,14 208,14 209,13 210,13 211,14 212,14 213,15 214,16 215,17 216,18 217,19 218,20 219,21 220,22 221,23 222,24 223,25 224,26 225,26 226,26 227,27 227,28 227,29 226,30 226,31 225,32 225,33 224,34 223,35 223,36 223,37 223,38 223,39 222,40 221,41 220,41 219,42 218,42 217,43 216,42 215,41 214,40 213,39 212,38 211,37 210,36 209,35 209,34 209,33 209,32 210,33 210,34 210,35 211,36
207,51 206,50 205,51 206,52
110,179 109,179 108,180 107,179 106,178 105,177 104,176 104,175 104,174 105,173 105,172 105,171 105,170 105,169 106,168 106,167 107,166 108,166 109,166 110,166 111,167 112,168 113,168 114,168 115,169 116,169 117,170 117,171 117,172 116,173 115,174 114,175 113,176 112,177 111,178
130,238 129,237 128,236 128,235 129,234 130,233 131,233 132,233 133,234 133,235 133,236 132,237 131,238
183,90 184,89 183,88 182,89
224,152 225,152 226,152 227,152 228,152 229,152 230,152 231,152 232,152 233,152 234,151 235,150 235,149 234,150 234,151 233,152 232,152 231,152 230,152 229,152 228,152 227,152 226,152 225,152 224,152 223,151 222,150 221,149 221,148 221,147 221,146 221,145 221,144 220,143 220,142 220,141 221,140 221,139 222,138 223,137 224,136 225,135 225,134 225,133 226,132 227,131 228,130 229,129 230,129 231,129 232,129 233,129 234,129 235,128 236,129 237,129 238,129 239,129 240,129 241,128 242,129 242,130 242,129 241,128 240,129 239,129 238,129 237,129 236,129 235,128 234,129 233,130 232,130 231,130 230,130 229,131 228,131 227,132 226,132 225,133 224,134 224,135 224,136 223,137 222,138 221,139 221,140 220,141 220,142 220,143 221,144 221,145 222,146 222,147 221,148 222,149 222,150 223,151
38,87 38,88 38,89 38,90 39,91 40,92 41,93 42,94 43,94 44,94 45,95 46,96 47,97 48,97 49,97 50,97 51,97 52,97 53,97 54,97 55,97 56,97 57,97 58,97 59,98 60,98 61,98 62,97 62,96 62,95 61,94 60,93 59,92 58,91 57,90 56,89 55,88 55,87 55,86 54,85 53,84 52,83 51,83 50,83 49,82 48,82 47,82 46,82 45,82 44,83 43,84 42,85 41,85 40,85 39,86
23,94 24,93 25,92 26,91 25,92 24,93 23,94 24,95 24,96 25,97 25,98 26,99 26,100 27,101 28,101 29,100 30,99 31,98 32,97 32,96 33,95 33,94 33,93 33,92 32,91 31,90 30,90 29,90 28,91 27,91 26,91 25,92 24,93
110,8 109,7 108,6 107,6 106,7 106,8 106,9 106,10 106,11 107,12 108,12 109,11 110,10 110,9
240,229 239,230 238,231 238,232 238,233 239,234 240,233 241,232 241,231 241,230
130,100 131,101 132,102 132,103 133,104 134,105 134,106 134,107 135,108 136,109 137,109 138,109 139,108 140,107 141,106 142,106 143,105 144,104 145,103 146,102 147,102 148,101 148,100 148,99 147,98 147,97 146,96 146,95 146,94 146,93 146,92 145,91 144,90 143,90 142,90 141,90 140,91 139,92 138,93 137,94 136,94 135,93 134,94 133,94 132,94 131,94 130,95 129,96 130,97 130,98 130,99
19,204 18,203 17,202 16,202 15,202 14,202 13,203 14,202 15,202 16,202 17,202 18,203 19,204 18,205 18,206 17,207 16,208 15,208 14,207 13,206 14,207 15,208 16,208 17,207 18,206 19,205
145,175 144,174 143,173 142,172 141,171 140,170 139,170 138,169 137,168 136,167 136,166 136,165 137,164 138,164 139,163 140,164 141,165 142,166 143,166 144,167 145,168 146,167 147,167 148,166 149,166 150,166 151,167 151,168 150,169 149,170 148,171 148,172 147,173 147,174 146,175
166,40 165,39 164,39 163,39 162,39 161,40 162,39 163,39 164,39 165,39 166,40 167,41 168,42 169,43 170,44 171,45 171,46 170,47 169,47 168,47 167,47 166,47 165,47 164,47 163,47 162,47 161,46 160,45 160,44 161,43 161,42 161,41 161,40 162,39 163,39 164,39 165,39
67,194 68,195 69,196 69,197 69,198 69,199 70,200 71,201 72,202 73,203 73,204 73,205 72,206 71,207 70,207 69,207 68,206 67,205 66,204 65,203 64,202 63,202 62,202 61,202 60,201 59,200 59,199 59,198 60,197 60,196 60,195 60,194 60,193 61,192 62,192 63,192 64,192 65,193 66,194
57,69 56,69 55,68 54,67 53,66 52,65 51,65 50,65 49,65 50,65 51,65 52,65 53,66 54,67 55,68 56,69 57,69 58,68 59,68 60,67 61,66 61,65 60,64 59,63 58,62 57,62 56,62 55,62 54,62 53,62 52,61 51,60 50,59 49,60 48,61 47,62 47,63 48,64 49,65 50,66 51,66 52,67 53,68 54,69 55,69 56,69
235,40 236,39 235,40 235,41 236,42 236,43 237,44 238,45 238,46 237,47 238,48 239,49 240,50 241,51 242,50 243,51 244,50 244,49 244,48 244,47 243,46 243,45 243,44 243,43 243,42 243,41 242,40 241,40 240,40 239,40 238,40 237,40 236,39
197,204 196,205 197,206 198,207 199,208 200,209 201,210 202,210 203,210 204,210 205,210 206,210 207,210 208,210 209,210 210,210 211,210 212,210 213,210 214,210 215,210 216,210 217,209 218,208 219,207 220,207 221,206 222,206 223,205 224,204 224,203 224,202 223,201 222,200 221,199 220,200 219,201 218,201 217,201 216,201 215,201 214,201 213,201 212,200 211,201 210,201 209,201 208,201 207,201 206,201 205,201 204,201 203,202 202,203 201,203 200,204 199,204 198,204
235,40 236,39 235,38 235,37 235,36 235,35 235,34 235,33 234,32 233,32 232,32 231,32 230,32 229,33 228,33 227,34 227,35 227,36 226,37 227,38 228,39 229,40 230,40 231,40 232,40 233,40 234,40
33,51 32,52 33,53 34,52
176,82 177,81 176,82 177,83 178,82 177,81
129,185 129,184 128,183 127,182 126,181 125,181 124,180 123,179 122,179 121,180 120,181 120,182 121,183 121,184 121,185 122,186 123,187 123,188 124,189 125,189 126,189 127,188 128,187 129,186
163,103 162,104 162,105 161,106 160,105 159,105 158,104 158,103 157,102 157,101 158,100 159,99 160,98 161,97 162,97 163,98 163,99 163,100 163,101 163,102
169,2 170,2 171,3 172,4 173,5 174,6 174,7 173,6 173,5 172,4 171,3 170,2 169,2 168,3 168,4 168,5 168,6 168,7 167,8 168,9 169,9 170,9 171,9 172,8 173,8 174,7 173,6 173,5 172,4 171,3 170,2
242,171 241,170 241,169 240,168 239,167 238,166 237,165 236,165 235,165 234,165 233,165 232,165 231,165 230,165 229,165 228,165 227,165 228,165 229,165 230,166 231,167 232,168 233,168 234,169 235,169 236,168 237,167 238,167 239,167 240,168 241,169 242,170 242,171 242,172 242,173 242,174 242,173 242,172 242,171 241,170 241,169 240,168 239,167 238,167 237,167 236,167 235,167 234,167 233,167 232,167 231,167 230,166 229,165 228,165 227,165 226,166 225,167 225,168 225,169 225,170 226,171 227,172 228,173 229,174 230,175 231,175 232,175 233,175 234,175 235,175 236,175 237,175 238,175 239,175 240,175 241,175 242,174 242,173 242,172
149,109 150,108 149,107 148,108
210,78 209,79 208,80 207,80 206,80 205,81 204,81 203,82 203,83 204,84 204,85 204,86 203,87 202,88 202,89 201,90 201,91 201,92 202,93 202,94 203,95 204,95 205,95 206,94 207,94 208,94 209,94 210,93 211,92 212,91 211,90 211,89 211,88 211,87 211,86 211,85 211,84 212,83 213,82 213,81 213,80 212,79 211,78
168,177 167,176 166,177 167,178
191,39 190,38 189,37 188,36 187,35 186,34 185,35 184,35 183,36 182,37 182,38 183,39 184,40 185,40 186,41 187,42 188,42 189,42 190,41 191,40
0,232 1,231 1,230 2,229 3,228 4,227 5,226 6,226 7,225 8,225 9,226 10,227 10,228 10,229 10,230 9,231 9,232 8,233 8,234 8,235 8,236 8,237 8,238 8,239 9,240 9,241 8,242 7,242 6,242 5,242 4,242 3,242 2,241 1,240 0,239 0,238 0,237 0,236 0,235 0,234 0,233
80,140 79,139 79,138 79,137 79,136 79,135 80,134 80,133 80,132 80,131 80,130 80,129 81,128 82,127 83,126 83,125 84,124 83,123 82,122 82,121 81,120 81,119 82,118 83,117 84,117 85,118 86,119 87,120 88,121 88,122 88,123 87,124 88,125 89,125 90,126 91,127 91,128 90,129 89,130 88,131 88,132 88,133 88,134 89,135 90,136 91,137 92,138 93,139 93,140 93,141 92,142 91,143 90,144 89,144 88,144 87,143 86,142 85,141 84,140 83,140 82,140 81,140
113,42 113,43 112,44 112,45 112,46 112,47 111,48 110,48 109,48 108,47 107,47 106,46 105,45 104,45 103,44 102,43 101,43 100,42 99,41 98,40 97,39 96,38 95,37 95,36 95,35 95,34 95,33 96,32 96,31 97,30 98,29 99,28 100,27 101,27 102,28 103,29 104,30 105,31 106,32 107,33 108,34 109,35 110,36 111,37 112,38 113,39 113,40 113,41
178,95 179,94 178,93 177,94
13,62 12,62 11,63 10,63 9,62 8,61 7,60 6,59 5,58 4,57 3,56 2,55 2,54 2,53 2,52 2,51 1,50 2,49 3,48 4,48 5,49 6,50 7,51 8,51 9,51 10,50 11,50 12,50 13,50 14,51 15,52 16,53 17,53 18,53 19,54 20,55 20,56 20,57 19,58 18,59 17,60 16,61 15,62 14,62
248,33 247,33 246,33 245,34 244,35 243,36 243,37 244,38 245,39 246,39 247,39 248,40 249,39 249,38 249,37 249,36 249,35 249,34
69,56 68,55 67,55 66,55 65,56 64,57 64,58 64,59 65,60 66,61 67,61 68,61 69,60 69,59 69,58 69,57
198,132 199,133 200,134 201,134 202,134 203,133 204,132 204,131 203,130 202,130 201,130 200,131 199,131
68,136 68,137 68,138 69,139 68,138 68,137 68,136 69,135 70,134 71,134 72,135 73,136 73,137 73,138 72,139 71,140 70,139 69,139 68,138 68,137
150,186 151,185 150,184 149,185
70,110 69,111 69,112 68,113 67,113 66,112 65,111 66,112 67,113 68,113 69,112 69,111 70,110 70,109 70,108 69,107 68,106 67,105 67,104 67,103 66,102 65,101 64,100 63,100 62,100 61,101 60,102 60,103 60,104 60,105 61,106 62,107 63,108 64,108 65,109 65,110 65,111 66,112 67,113 68,113 69,112 70,111
190,188 191,189 192,188 193,189 194,188 195,188 196,188 197,188 198,188 199,189 200,190 201,191 201,192 201,193 201,194 201,195 200,196 199,196 198,195 197,195 196,194 195,194 194,194 193,195 192,195 191,195 190,195 189,195 188,194 187,193 187,192 188,191 189,190 189,189
137,248 137,247 138,246 138,245 138,244 138,243 138,242 138,241 138,240 139,239 140,239 141,238 142,239 143,240 143,241 143,242 142,243 143,244 143,245 143,246 143,247 143,248 142,249 141,249 140,249 139,249 138,249
176,145 175,146 174,147 173,148 172,149 171,149 170,149 169,149 170,148 171,148 172,147 173,148 174,147 175,146 176,145 176,144 177,143 177,142 176,141 175,140 174,139 173,138 173,137 173,136 173,137 173,138 174,139 175,140 176,141 177,142 177,143 176,144 176,145 175,146 174,147 173,148 172,149 171,149 170,149 169,149 168,149 167,148 166,148 165,147 164,146 164,145 164,144 165,143 166,142 167,141 168,140 168,139 167,138 166,137 167,136 168,135 169,134 170,134 171,134 172,135 173,136 174,137 175,138 176,139 176,140 176,141 177,142 177,143 176,144
89,213 88,213 87,213 86,213 85,214 84,213 83,212 82,211 81,210 81,209 81,208 82,207 83,207 84,207 85,207 86,207 87,207 88,208 89,209 90,210 90,211 90,212
199,236 199,235 199,234 200,233 201,232 202,232 203,231 204,232 204,233 204,234 204,235 203,236 202,237 201,237 200,237
69,101 70,102 71,102 72,102 73,102 74,101 75,100 74,99 73,98 72,97 71,97 70,98 69,99 69,100
69,146 70,145 69,146 69,147 69,148 70,149 71,149 72,149 73,149 74,149 75,149 76,148 77,148 78,147 79,146 79,145 79,144 78,143 77,142 76,141 75,142 74,143 73,143 72,144 71,145 70,145
11,132 10,131 9,130 8,129 7,128 6,127 5,126 4,125 5,126 6,127 7,128 8,129 9,130 10,131 11,132 12,133 13,133 14,133 15,133 14,132 13,132 12,132 11,132 10,131 9,130 8,129 7,128 6,127 5,126 4,125 5,124 5,123 5,122 4,121 4,120 4,119 4,118 5,117 6,116 7,116 8,117 9,118 10,119 11,120 12,121 13,122 14,121 15,120 16,119 17,118 18,118 19,119 20,119 21,120 22,121 23,121 24,122 24,123 24,124 24,125 23,126 22,127 21,128 20,129 19,130 18,131 17,132 16,133 15,133 14,132 13,132 12,132
198,219 197,218 197,217 197,218 198,219 199,219 200,219 201,219 202,219 203,218 203,217 202,216 201,215 200,214 199,215 198,216 197,217 197,218
75,222 74,222 73,222 72,222 71,221 70,220 70,219 71,218 72,217 73,217 74,217 75,218 76,218 77,219 77,220 76,221
140,156 141,155 142,154 142,153 142,152 142,151 142,150 142,149 141,148 140,148 139,149 138,150 137,151 136,152 135,153 135,154 136,155 137,156 138,156 139,156