12,27 11,27 10,27 9,27 8,28 7,28 6,28 5,27 4,26 4,25 5,24 6,23 7,22 8,21 9,21 10,20 11,20 12,20 13,20 14,21 14,22 14,23 14,24 14,25 13,26
12,11 13,10 12,9 11,10
1,47 2,48 3,49 2,48 1,47 0,48 0,49 0,50 0,51 1,52 2,51 3,50 3,49 2,48
11,96 10,95 9,96 10,97
66,65 67,64 68,64 69,64 70,65 71,66 72,67 73,68 74,69 75,70 76,71 77,71 78,71 79,70 80,70 81,71 82,71 83,72 83,73 82,74 82,75 81,76 80,77 79,78 78,79 77,80 76,80 75,81 74,80 73,80 72,80 71,80 70,79 69,79 68,79 67,78 66,77 65,76 65,75 65,74 65,73 64,72 65,71 65,70 65,69 65,68 65,67 66,66
17,68 18,69 18,70 19,71 20,70 21,69 22,69 23,69 24,68 24,67 23,66 22,65 21,64 21,63 22,62 22,61 23,60 22,59 22,58 21,57 21,56 20,55 19,54 19,53 19,52 20,51 19,50 20,49 19,48 19,47 19,46 18,45 17,44 16,44 15,45 14,45 13,46 12,46 11,46 10,46 9,47 8,48 9,49 10,50 11,51 12,52 13,53 14,54 15,55 15,56 15,57 15,58 16,59 16,60 17,61 17,62 17,63 17,64 17,65 17,66 17,67
14,85 13,85 12,84 13,83 14,83 15,84
41,85 42,86 43,87 44,88 45,89 46,90 47,90 48,90 49,90 50,90 51,90 52,90 53,90 54,90 55,90 56,90 57,90 58,90 59,90 58,90 57,90 56,90 55,89 54,88 53,88 52,89 51,89 50,89 49,89 48,90 47,90 46,90 45,89 44,88 43,87 42,86 41,85 40,84 40,83 40,82 40,81 41,80 42,79 43,78 44,79 45,80 46,80 47,80 48,80 49,80 50,80 51,80 52,80 53,79 54,80 55,80 56,80 57,80 58,79 59,79 60,79 61,80 61,81 61,82 61,83 61,84 61,85 61,86 61,87 61,88 60,89 59,90 58,90 57,90 56,90 55,89 54,88 53,88 52,89 51,89 50,89 49,89 48,90 47,90 46,90 45,89 44,88 43,87 42,86
30,69 29,68 28,68 27,69 28,70 29,70
93,69 92,70 91,71 90,71 89,70 88,69 88,68 89,67 89,66 90,65 91,65 92,65 93,65 94,66 94,67 93,68
17,6 18,5 17,4 16,5
57,42 58,41 57,40 56,41
23,23 22,24 21,25 20,26 20,27 20,28 20,29 20,30 21,31 22,31 23,31 24,31 25,31 26,30 25,29 25,28 25,27 24,26 24,25 25,24 24,23
12,91 12,92 11,93 11,94 12,95 13,96 14,97 15,98 16,98 17,99 18,99 19,99 20,98 20,97 19,96 18,95 18,94 18,93 17,92 16,91 15,90 14,90 13,90
56,94 57,94 58,94 57,94 56,94 55,95 54,96 54,97 53,98 54,99 55,99 56,99 57,99 58,99 59,98 59,97 59,96 59,95 58,94 57,94
55,47 56,46 57,45 58,45 59,45 60,46 61,47 62,48 63,49 64,50 64,51 64,52 64,53 65,54 65,55 65,56 64,57 64,58 64,59 63,60 62,61 61,60 60,59 59,58 58,57 57,56 56,55 55,54 55,53 55,52 55,51 55,50 55,49 56,50 57,51 57,52 57,53 57,54 57,55 56,55 55,54 55,53 55,52 55,51 55,50 55,49 55,48
78,65 77,65 76,65 75,65 74,65 73,64 72,63 73,64 74,65 75,65 76,65 77,65 78,65 79,64 80,64 81,64 82,63 83,62 82,63 81,64 80,64 79,64 78,65 77,65 76,65 75,65 74,65 73,64 72,63 71,62 71,61 72,60 73,59 74,58 75,57 76,56 77,55 78,55 79,55 80,55 81,55 82,55 83,55 84,56 85,57 84,58 84,59 84,60 83,61 83,62 82,63 81,64 80,65 79,65
38,46 39,45 40,45 41,45 42,45 43,46 44,47 44,48 44,49 43,50 42,50 41,50 40,49 39,49 38,48 37,47
23,94 22,93 21,92 20,91 20,90 20,89 21,88 20,87 20,86 20,85 20,84 21,83 22,82 21,83 20,84 20,85 20,86 20,87 21,88 20,89 20,90 20,91 21,92 22,93 23,94 24,94 25,94 26,94 27,93 28,92 29,91 30,90 31,89 32,88 33,87 33,86 33,85 33,84 32,83 31,82 30,82 29,82 28,82 27,82 26,82 25,82 24,82 23,82 22,82 21,83 20,84 20,85 20,86 20,87 21,88 20,89 20,90 20,91 21,92 22,93
85,75 86,74 87,73 88,73 89,72 90,72 91,72 92,72 93,72 94,72 95,72 96,72 97,72 98,72 99,73 99,74 99,75 98,76 97,77 97,78 97,79 97,80 98,81 97,82 97,83 96,84 95,85 94,86 94,87 93,88 92,89 91,89 90,89 89,89 88,89 87,88 86,87 85,86 84,85 84,84 84,83 84,82 84,81 84,80 84,79 84,78 84,77 84,76
93,37 93,38 93,39 92,40 91,41 90,42 89,42 88,41 87,40 87,39 86,38 87,37 88,36 89,35 90,35 91,35 92,36
29,76 30,75 29,74 28,75
80,1 81,2 82,3 82,4 82,5 82,6 82,7 82,8 82,9 82,10 82,11 82,12 82,13 82,14 81,15 80,14 79,14 78,14 77,14 76,13 75,13 74,13 73,13 72,13 71,14 70,15 69,15 68,14 67,13 66,12 65,11 64,10 63,9 62,8 61,7 60,6 59,5 60,4 60,3 60,2 60,1 61,0 62,0 63,0 64,0 65,0 66,0 67,0 68,0 69,0 70,0 71,0 72,0 73,0 74,0 75,0 76,0 77,0 78,0 79,0
0,1 1,0 2,0 3,0 4,0 5,0 6,0 7,0 8,0 9,1 8,2 9,3 8,4 9,5 9,6 8,7 7,8 6,9 5,10 4,11 3,12 3,13 2,14 2,15 1,16 0,15 0,14 0,13 0,12 0,11 0,10 0,9 0,8 0,7 0,6 0,5 0,4 0,3 0,2
37,44 38,45 37,44 38,43 39,44 38,43
43,66 43,67 43,68 44,69 44,70 44,71 44,72 44,73 44,74 45,75 45,76 46,77 47,78 48,79 49,80 50,80 51,80 52,80 53,79 54,78 55,77 56,77 57,77 58,77 59,76 59,75 59,74 59,73 58,72 58,71 57,70 56,69 55,68 54,67 53,66 52,65 51,64 50,64 49,64 48,64 47,64 46,64 45,64 44,65
74,46 74,45 74,44 73,43 72,42 71,41 70,42 69,43 68,43 67,44 67,45 67,46 66,47 66,48 66,49 66,50 67,51 68,51 69,50 70,49 71,48 72,48 73,47
68,86 69,85 68,86 69,87 70,86 69,85
46,20 47,19 48,20 49,21 48,22 47,22 46,21
55,21 56,22 57,23 58,24 59,25 60,26 60,27 60,28 60,29 60,30 59,31 59,32 58,33 58,34 58,35 57,36 56,36 55,36 54,36 53,36 52,36 51,35 50,34 49,33 49,32 48,31 49,30 49,29 49,28 48,27 49,26 49,25 49,24 49,23 48,22 49,21 50,21 51,21 52,21 53,21 54,21
38,1 37,0 36,0 35,0 34,0 33,0 32,0 31,0 30,1 31,0 32,0 33,0 34,0 35,0 36,0 37,0 38,1 39,2 39,3 39,4 38,5 39,6 39,7 39,8 39,9 39,10 39,11 39,12 39,13 39,14 39,15 39,16 39,17 39,18 39,19 39,20 40,21 41,22 40,23 40,24 40,25 39,26 39,27 39,28 39,29 39,30 38,31 37,32 36,32 35,32 34,31 33,30 32,29 31,28 30,27 29,26 28,25 27,24 26,23 26,22 26,21 27,20 28,19 28,18 29,17 29,16 29,15 28,14 27,13 26,12 26,11 26,10 26,9 26,8 26,7 26,6 27,5 28,4 29,3 30,2 30,1 31,0 32,0 33,0 34,0 35,0 36,0 37,0
90,57 89,58 90,59 91,58
9,9 8,10 7,11 7,12 7,13 8,14 9,15 10,16 11,15 12,14 13,13 12,12 12,11 11,10 10,9
12,39 12,40 13,41 14,42 15,43 16,44 17,44 18,43 19,42 19,41 19,40 20,39 20,38 19,37 18,36 17,35 16,36 15,37 14,37 13,38
38,46 38,45 37,44 37,43 37,42 37,43 37,44 38,45 38,46 37,47 36,48 35,49 34,50 33,51 32,52 31,52 30,53 29,54 28,54 27,53 26,53 25,52 24,52 23,51 23,50 23,49 23,48 23,47 24,46 24,45 25,44 26,43 27,42 28,41 29,40 30,40 31,40 32,40 33,40 34,40 35,40 36,41 37,42 38,43 37,44 38,45
1,82 2,82 3,83 4,84 5,84 6,83 7,83 8,82 9,83 10,83 11,84 12,85 12,86 12,87 11,88 10,88 9,88 8,89 7,89 6,89 5,89 4,89 3,88 2,87 1,86 0,85 0,84 0,83
0,91 1,90 2,89 3,88 4,89 4,90 4,91 4,92 4,93 3,94 3,95 2,96 2,97 2,98 1,99 0,98 0,97 0,96 0,95 0,94 0,93 0,92
3,72 2,72 1,72 0,73 0,74 0,75 0,76 1,77 2,77 3,77 4,77 5,77 6,77 7,76 7,75 6,74 5,73 4,72
98,88 97,88 96,88 95,89 94,90 94,91 95,92 96,93 97,93 98,93 99,92 99,91 99,90 99,89
44,96 45,95 44,94 43,95
25,39 25,38 25,37 25,36 25,35 26,34 25,33 26,32 27,31 28,30 29,30 30,30 31,31 32,32 33,33 33,34 33,35 33,36 32,37 31,38 30,39 29,40 28,40 27,40 26,40
14,75 13,76 12,77 11,78 12,77 13,76 14,75 13,74 12,73 11,72 10,72 9,72 8,73 7,74 7,75 8,76 9,76 10,77 11,78 12,77 13,76
95,1 96,2 97,3 98,4 99,3 99,2 99,1 98,0 97,0 96,0
65,31 66,32 67,33 66,32 65,31 64,30 63,29 62,28 61,27 61,26 61,25 61,24 61,23 61,22 61,21 61,20 61,21 61,22 61,23 61,24 62,25 63,26 63,27 63,28 64,29 65,30 65,31 66,32 67,33 68,34 69,35 70,35 71,35 72,35 73,34 74,33 75,32 76,31 77,30 78,29 78,28 78,27 77,26 76,25 75,24 74,23 73,22 72,22 71,21 70,20 69,19 68,19 67,19 66,19 65,19 64,19 63,19 62,19 61,20 61,21 61,22 61,23 61,24 62,25 63,26 64,27 63,28 64,29 65,30
20,16 21,15 20,14 19,15
31,95 32,96 33,96 34,97 34,98 33,99 32,99 31,99 30,99 29,99 28,98 28,97 28,96 29,95 30,95
26,21 25,21 24,20 23,19 22,18 23,19 24,20 25,21 26,21 27,20 28,19 29,18 29,17 29,16 29,15 28,14 27,14 26,14 25,14 24,15 23,15 22,16 22,17 22,18 23,19 24,20 25,21
84,24 83,23 82,22 81,21 81,20 81,21 82,22 83,23 84,24 85,25 86,25 87,25 88,25 89,25 90,25 91,24 92,23 92,22 92,21 91,20 90,19 89,18 88,18 87,18 86,18 85,18 84,18 83,18 82,19 81,20 81,21 82,22 83,23
42,55 43,56 42,55 41,56 40,57 39,58 39,59 40,60 41,61 42,60 43,59 43,58 43,57 43,56
98,21 97,22 96,23 95,24 95,25 95,26 96,25 96,24 97,23 97,22 98,21 99,22 99,23 99,24 99,25 99,26 99,27 98,28 97,28 98,28 99,27 99,26 99,25 99,24 99,23 99,22