44,91 44,90 44,89 44,88 45,87 45,86 46,85 47,84 47,83 48,82 49,82 50,81 51,80 51,79 51,78 51,77 50,76 49,75 48,75 47,76 46,76 45,77 44,77 43,77 42,77 41,78 41,79 41,80 42,81 43,82 43,83 43,84 42,85 41,86 40,85 39,85 38,85 37,85 36,85 35,85 34,86 33,85 32,85 31,85 30,85 29,85 28,86 27,87 26,88 26,89 27,90 28,91 29,90 30,90 31,89 32,89 33,89 34,88 35,89 36,90 37,91 38,92 39,93 39,94 39,95 40,96 41,96 42,97 43,98 44,97 45,96 46,95 46,94 45,93 45,92
88,94 89,94 90,94 91,93 92,92 93,92 94,92 95,93 96,93 97,93 98,94 99,95 99,96 99,97 99,98 98,99 97,99 96,99 95,99 94,99 93,98 92,98 91,98 90,99 89,99 88,99 87,99 86,99 85,99 84,98 83,97 82,97 81,96 80,96 79,95 78,95 77,95 76,95 75,94 75,93 75,92 76,91 77,91 78,91 79,91 80,91 81,90 82,90 83,90 84,91 85,92 86,93 86,94 87,94
68,59 68,58 67,57 68,56 69,55 70,55 71,55 72,56 73,57 73,58 73,59 73,60 73,61 72,62 71,63 70,63 69,62 68,61 68,60
9,54 10,54 11,54 12,54 13,54 14,55 13,56 13,57 13,58 13,59 14,60 15,60 16,60 17,60 18,60 19,60 20,61 21,62 21,63 22,64 22,65 21,66 20,66 19,66 18,66 17,66 16,67 15,68 14,68 13,67 12,67 11,67 10,67 9,66 9,65 10,64 10,63 10,62 11,61 11,60 10,59 9,59 8,58 7,57 7,56 8,55
46,53 47,52 46,51 45,52
63,45 64,45 65,45 66,44 66,43 66,42 66,41 65,40 64,39 63,38 62,37 61,36 60,36 59,36 58,36 57,37 56,38 56,39 56,40 56,41 57,42 58,43 59,43 60,44 61,44 62,45
4,55 5,54 6,53 5,52 5,51 5,50 5,49 4,48 3,48 2,47 1,47 0,48 0,49 0,50 0,51 1,52 1,53 2,54 3,54
48,27 48,26 47,25 46,26 45,25 44,25 45,24 45,23 46,22 47,21 47,20 47,19 47,18 46,17 45,17 44,17 43,17 42,18 41,19 41,20 40,21 39,22 39,23 38,24 38,25 37,26 36,27 36,28 36,29 36,30 36,31 37,32 38,32 39,31 40,31 41,30 42,29 43,30 44,31 45,31 46,31 47,30 48,29 48,28
35,19 36,18 37,19 36,20
73,75 74,74 75,75 74,76
89,59 90,59 91,60 92,61 93,61 94,61 95,61 96,61 97,61 98,61 99,60 99,59 99,58 99,57 99,56 98,55 97,55 96,55 95,55 94,56 93,56 92,56 91,56 90,56 89,55 88,56 88,57 88,58
39,73 40,73 41,72 42,71 43,70 44,69 43,68 42,67 41,66 40,66 39,65 38,65 37,64 36,64 35,63 34,63 33,62 32,61 31,61 30,61 29,61 28,62 27,63 26,64 26,65 26,66 27,67 28,67 29,67 30,67 31,67 32,67 33,68 33,69 34,70 35,71 35,72 34,72 33,72 32,73 31,74 31,75 31,76 32,77 33,78 34,79 35,78 36,77 37,76 37,75 37,74 38,73
94,20 95,21 96,22 97,22 98,21 99,20 99,19 99,18 99,17 99,16 98,15 97,15 96,15 96,14 96,13 96,12 95,11 94,12 93,12 92,13 92,14 92,15 92,16 93,17 93,18 94,19
43,37 44,38 45,39 46,40 47,40 48,40 49,40 50,40 51,41 52,41 53,41 54,42 54,43 53,44 52,45 52,46 52,47 53,48 54,49 55,49 56,50 57,51 57,52 57,53 57,54 58,55 59,56 60,56 61,57 61,58 60,59 60,60 59,61 58,61 57,62 56,63 55,62 54,61 54,60 54,59 54,58 53,57 52,56 51,55 51,54 50,53 49,52 49,51 49,50 49,49 49,48 50,47 50,46 49,45 48,44 47,43 46,43 45,43 44,43 43,43 42,43 41,43 40,42 39,41 39,40 39,39 39,38 40,37 41,37 42,37
73,75 72,76 71,77 70,78 70,79 70,80 69,81 68,82 67,82 66,81 66,80 65,79 65,78 66,77 66,76 66,75 65,75 64,76 63,76 62,76 61,75 60,74 59,73 59,72 58,71 59,70 60,70 61,70 62,70 62,69 63,68 63,67 63,66 64,65 65,65 66,66 67,67 67,68 67,69 68,69 69,70 70,70 71,71 72,72 72,73 73,74
3,4 4,5 5,5 6,6 7,6 8,7 9,8 10,9 11,10 10,11 9,12 9,13 9,14 9,15 9,16 9,17 10,18 10,19 10,20 10,21 9,22 9,23 9,24 8,25 8,26 8,27 7,28 6,29 5,28 5,27 5,26 5,25 5,24 5,23 4,22 3,21 2,20 1,19 0,18 0,17 0,16 0,15 0,14 0,13 0,12 0,11 0,10 0,9 0,8 0,7 0,6 0,5 0,4 0,3 1,2 2,2 3,3
8,98 8,97 8,96 8,95 8,94 7,93 6,92 5,92 4,91 3,90 3,89 3,88 4,87 5,87 6,87 7,87 8,88 9,89 10,89 11,90 12,91 13,91 14,91 15,91 16,92 15,93 15,94 16,95 17,94 18,95 19,95 20,95 21,96 22,96 23,97 23,98 22,99 21,99 20,99 19,99 18,99 17,99 16,98 15,97 14,97 13,97 12,98 11,99 10,99 9,99
75,39 74,39 73,40 72,41 72,42 71,43 71,44 70,44 69,45 68,46 67,47 67,48 68,49 69,49 70,50 71,50 72,50 73,50 74,51 75,51 76,52 77,52 78,52 78,53 79,54 80,55 81,56 82,57 83,57 84,57 85,56 85,55 86,54 86,53 86,52 86,51 86,50 85,49 84,49 83,50 82,50 81,51 80,51 79,50 79,49 78,48 78,47 78,46 77,45 77,44 77,43 77,42 77,41 76,40
61,21 62,22 61,23 60,22
86,37 86,38 87,39 86,40 85,41 84,40 84,39 84,38 84,37 84,36 85,35 86,36
53,10 54,9 53,8 52,9
30,49 30,50 31,51 32,51 33,52 34,52 35,53 35,54 35,55 35,56 36,57 37,58 38,58 39,58 40,58 41,58 42,57 43,56 43,55 42,54 42,53 41,52 40,51 39,50 38,49 37,48 36,47 35,47 34,47 33,47 32,47 31,48
81,27 81,28 82,28 83,29 84,30 85,31 85,32 85,33 84,34 83,35 82,35 81,35 80,35 79,34 78,34 77,35 76,35 75,36 74,36 73,36 72,35 72,34 72,33 72,32 72,31 72,30 71,29 71,28 70,27 71,26 72,25 73,25 74,25 75,24 76,24 77,24 78,25 79,26 80,26
86,5 87,5 88,5 89,6 89,7 89,8 89,9 89,10 88,11 87,12 86,12 85,12 84,13 83,14 82,15 81,15 80,14 80,13 80,12 80,11 81,10 81,9 82,8 82,7 83,6 83,5 84,4 85,5
23,4 24,3 25,3 26,2 26,1 25,0 24,0 23,0 22,0 21,0 20,0 19,0 18,0 17,1 18,2 19,2 19,3 20,4 21,3 22,4
62,14 62,15 62,16 62,17 62,18 62,19 62,20 61,21 60,22 59,23 58,23 57,22 56,21 56,20 55,19 55,18 55,17 55,16 55,15 55,14 55,13 55,12 55,11 55,10 54,9 54,8 55,7 56,6 57,6 58,7 58,8 58,9 58,10 58,11 59,12 60,12 61,12 62,11 63,11 64,12 63,13
95,52 94,51 93,52 94,53
2,60 3,59 2,58 1,59
69,1 70,2 71,3 72,2 73,1 72,0 71,0 70,0
49,59 50,58 51,59 50,60
5,31 4,32 5,33 6,32
57,92 56,91 55,92 56,93
47,11 48,12 47,13 46,13 45,12 46,11
57,88 56,89 56,90 55,91 54,92 53,93 52,92 52,91 51,90 51,89 51,88 52,87 53,87 54,87 55,87 56,87
57,88 58,89 59,89 60,89 61,90 62,90 63,89 64,89 65,89 66,89 67,89 68,89 69,89 70,89 71,88 72,87 72,86 71,85 70,84 69,83 68,83 67,83 66,84 66,85 65,85 64,86 64,87 63,87 62,86 61,86 60,85 59,84 58,85 57,86 56,87
60,98 59,99 58,99 57,99 56,99 55,99 54,98 55,97 55,96 56,95 57,96 58,96 59,97
17,55 18,56 19,57 20,57 21,57 22,56 23,55 23,54 23,53 23,52 23,51 23,50 23,49 23,48 22,47 21,47 20,47 19,48 18,48 17,49 17,50 16,51 15,50 14,49 14,48 13,47 12,46 11,46 10,47 10,48 10,49 11,50 11,51 12,52 12,53 13,54 14,54 15,53 16,53 17,54
86,66 86,65 86,64 86,63 87,62 86,61 85,61 85,60 84,59 83,59 82,60 81,61 81,62 81,63 80,64 79,65 78,65 77,66 76,67 76,68 76,69 77,70 78,70 79,71 80,70 81,69 82,69 83,69 84,70 85,71 86,72 87,73 88,73 89,73 90,74 90,75 91,76 92,77 93,78 94,77 95,76 96,75 96,74 95,73 94,72 93,71 92,71 91,71 90,71 89,70 89,69 88,68 87,67 86,67
30,8 31,8 32,9 32,10 32,11 32,12 31,13 31,14 30,15 29,15 28,16 27,17 26,18 25,19 24,18 23,18 22,17 21,16 22,15 23,14 24,14 25,13 25,12 26,11 26,10 26,9 27,8 28,8 29,8
70,20 69,19 68,18 68,17 68,16 68,15 69,14 70,13 71,13 72,13 73,13 74,14 75,15 75,16 74,17 74,18 74,19 73,20 72,20 71,20
31,5 32,4 33,4 34,3 34,2 34,1 33,0 32,0 31,0 30,0 29,1 28,1 27,2 27,3 28,4 29,4 30,5
17,33 18,34 19,35 20,36 21,35 22,35 23,34 22,33 21,33 20,32 19,31 18,31 17,31 16,32
68,24 67,25 66,24 67,23
37,82 38,81 37,80 36,81
25,35 26,34 27,34 28,35 28,36 29,37 30,38 29,39 29,40 29,41 28,42 27,42 26,42 25,42 24,42 23,42 22,41 21,40 21,39 20,38 20,37 20,36 21,35 22,35 23,36 24,36 25,36
88,78 89,79 88,80 87,79
30,98 31,97 32,96 33,97 34,97 35,97 36,96 37,97 38,98 37,99 36,99 35,99 34,99 33,99 32,99 31,99
17,7 16,8 16,9 16,10 16,11 17,12 18,13 19,12 19,11 20,10 20,9 20,8 19,7 18,7
13,32 14,31 15,31 16,32 15,33 14,33
49,23 50,22 49,21 48,22