116,234 116,235 115,236 114,235 114,234 115,233
50,139 51,138 52,137 52,136 52,135 52,134 52,133 51,132 50,131 49,130 48,129 47,128 46,129 45,130 45,131 45,132 45,133 45,134 45,135 45,136 46,137 47,138 48,138 49,138
223,7 224,7 225,7 226,6 227,6 228,6 229,6 230,7 230,8 230,9 229,10 229,11 228,12 227,12 226,13 225,12 224,12 223,12 222,11 221,11 220,10 219,10 218,10 217,9 217,8 216,7 216,6 217,5 218,5 219,5 220,6 221,6 222,7
87,135 86,134 85,133 85,132 85,131 85,130 86,129 85,128 84,127 83,127 82,128 81,129 81,130 80,131 80,132 81,133 81,134 82,135 83,136 83,137 83,138 83,139 82,140 81,141 80,141 79,140 79,139 78,138 78,137 77,136 76,135 76,134 75,133 75,132 74,131 73,131 72,130 71,131 70,131 69,132 68,133 67,134 67,135 66,136 66,137 65,138 64,138 63,139 64,140 65,141 66,142 67,141 68,141 69,140 70,139 71,138 72,138 73,138 74,139 74,140 75,141 75,142 74,143 74,144 73,145 72,145 71,145 70,145 69,145 68,146 68,147 68,148 68,149 68,150 69,151 70,152 71,153 72,152 73,151 73,150 74,149 75,149 76,148 77,148 78,147 79,147 80,146 81,146 82,145 83,145 84,144 85,143 86,142 87,141 87,140 88,139 89,138 89,137 88,136
217,74 218,74 219,74 220,74 221,74 222,73 223,72 224,71 224,70 223,69 222,68 221,67 220,67 219,66 218,66 217,67 216,68 215,69 215,70 214,71 213,71 212,71 211,71 210,72 210,73 210,74 211,75 212,76 213,77 214,76 215,76 216,75 216,74
121,26 122,27 121,28 120,27
74,107 75,107 76,107 77,108 78,108 79,108 80,109 81,108 82,107 82,106 81,105 80,104 79,103 79,102 79,101 79,100 79,99 79,98 79,97 78,96 79,95 78,94 78,93 78,92 78,91 77,90 76,89 75,89 74,89 73,90 73,91 74,92 74,93 75,94 75,95 75,96 75,97 75,98 75,99 74,100 73,100 72,101 71,101 70,102 69,103 69,104 68,105 67,106 66,107 65,107 64,108 63,109 64,110 65,111 65,112 66,113 67,112 68,111 69,110 70,109 71,108 72,108 73,107
74,249 75,249 76,249 77,249 78,249 79,249 80,249 81,248 81,247 81,246 81,245 80,244 79,243 79,242 78,241 77,241 76,241 75,241 74,242 73,243 73,244 73,245 73,246 72,247 71,248 72,249 73,249
234,148 234,147 233,147 232,147 231,147 230,147 229,147 228,146 228,145 229,144 230,143 231,142 232,142 233,141 234,141 235,142 236,142 237,143 238,144 238,145 239,146 239,147 240,148 240,149 240,150 239,151 239,152 238,153 237,154 237,155 237,156 238,157 238,158 239,159 239,160 240,161 241,161 242,160 243,160 244,161 245,162 245,163 244,164 243,165 243,166 242,167 242,168 241,169 240,169 239,169 238,168 237,167 236,166 235,165 235,164 235,163 235,162 235,161 234,160 234,159 234,158 233,157 232,157 231,157 230,157 230,158 229,159 229,160 228,161 227,162 226,163 225,164 224,165 223,166 222,166 221,165 220,165 219,164 219,163 220,162 221,161 222,161 223,161 224,161 225,160 225,159 226,158 226,157 227,156 227,155 227,154 228,153 229,152 230,151 231,151 232,151 233,152 234,151 235,150 235,149
213,180 214,180 215,179 216,178 217,177 218,176 219,176 220,176 221,175 222,174 223,173 222,172 221,171 220,170 219,170 218,170 217,170 216,170 215,171 214,172 213,173 212,173 211,173 210,173 209,174 208,174 207,174 206,175 206,176 206,177 207,178 208,179 209,179 210,180 211,180 212,180
241,184 241,183 241,182 240,181 239,180 239,179 238,178 237,178 236,178 235,178 234,179 234,180 235,181 235,182 235,183 235,184 235,185 235,186 234,187 233,188 233,189 232,190 231,191 230,192 231,193 232,194 233,194 234,195 234,196 235,197 236,198 237,198 237,199 237,200 237,201 237,202 238,203 239,204 240,205 241,204 242,203 243,202 243,201 244,201 245,201 245,202 246,203 247,203 248,204 249,203 249,202 249,201 249,200 249,199 249,198 248,197 247,196 246,196 245,195 244,194 243,193 242,193 241,193 240,193 239,193 238,193 237,192 236,192 235,191 235,190 236,189 237,188 238,187 239,186 240,186 241,185
232,236 233,236 234,236 235,235 236,235 237,234 236,233 236,232 236,231 236,230 235,229 234,228 234,227 233,226 232,225 231,225 230,225 229,225 228,225 227,226 227,227 228,228 229,229 229,230 230,231 229,232 229,233 228,233 227,234 226,234 225,235 225,236 225,237 226,238 227,239 228,239 229,238 230,237 231,237
142,190 141,189 141,188 141,187 141,186 140,185 141,184 141,183 142,182 143,181 143,180 144,179 145,179 146,178 147,178 148,179 149,180 150,181 151,182 151,183 150,184 149,185 149,186 149,187 149,188 149,189 149,190 148,191 147,192 146,192 145,192 144,192 143,191
131,86 130,86 129,87 128,88 127,89 127,90 126,91 127,92 128,92 129,93 130,94 131,95 132,96 133,97 134,96 135,95 136,94 136,93 136,92 136,91 136,90 136,89 136,88 136,87 135,86 134,85 133,85 132,85
231,176 232,177 233,178 233,179 232,180 231,181 230,181 229,182 228,181 227,181 226,180 227,179 227,178 227,177 228,176 229,175 230,176
2,123 3,122 4,122 5,121 5,120 5,119 5,118 6,117 7,118 7,119 8,120 7,121 8,122 9,123 10,124 10,125 9,126 8,127 7,127 6,128 5,129 4,128 3,127 2,126 1,126 0,125 0,124 0,123 1,122
215,116 215,117 215,118 216,119 217,119 218,119 219,119 220,119 221,119 222,120 221,121 222,122 222,123 222,124 223,125 224,125 225,124 226,123 226,122 226,121 226,120 226,119 226,118 226,117 226,116 226,115 226,114 226,113 225,112 224,112 223,111 222,111 221,111 220,110 219,110 218,109 217,110 217,111 217,112 216,113 216,114 216,115
44,158 43,157 42,157 41,156 40,155 40,154 41,153 41,152 42,151 43,150 44,150 45,151 46,152 47,153 48,154 48,155 49,155 50,155 51,154 52,154 53,153 54,153 55,153 56,153 57,154 57,155 56,156 55,157 55,158 55,159 54,160 53,160 52,160 52,161 51,162 50,161 50,160 49,159 48,158 47,158 46,158 45,158
4,50 3,49 2,50 3,51
92,81 93,80 92,79 91,79 90,79 89,79 88,80 87,81 87,82 87,83 88,84 89,84 90,84 91,83 91,82
211,59 212,58 213,58 214,57 215,58 215,59 216,60 217,60 218,60 219,60 220,61 219,62 218,62 217,62 216,62 215,63 214,63 213,64 212,64 211,63 210,62 210,61 210,60
72,169 71,170 70,170 69,169 68,169 67,169 66,168 67,167 67,166 68,165 69,165 70,165 71,165 72,166 73,167 73,168
89,59 90,60 90,61 91,61 92,62 93,63 92,64 91,64 90,64 89,64 88,64 87,64 86,64 85,64 84,64 83,64 82,63 81,62 81,61 81,60 81,59 81,58 81,57 80,56 79,56 78,56 77,57 76,57 75,57 74,57 73,56 73,55 74,54 74,53 75,52 75,51 76,50 77,51 78,51 79,51 80,51 81,51 82,50 83,50 83,49 84,48 84,47 85,46 86,47 87,48 87,49 86,50 85,51 85,52 85,53 85,54 84,55 84,56 84,57 85,58 86,58 87,59 88,60
69,95 68,94 67,93 66,92 65,93 64,93 63,94 63,95 63,96 64,97 65,98 66,98 67,97 68,96
224,49 224,50 225,51 226,51 227,50 228,49 228,48 228,47 228,46 227,45 226,44 225,44 224,44 223,44 223,43 222,42 221,41 220,41 219,40 218,41 217,42 217,43 218,44 219,45 220,46 221,46 222,46 223,46 223,47 223,48
117,75 116,76 115,77 114,78 113,79 112,80 112,81 113,82 112,83 113,84 112,85 111,86 110,86 109,86 108,87 108,88 107,89 106,89 105,88 104,88 103,87 102,86 101,85 100,84 100,83 100,82 100,81 100,80 101,79 100,78 101,77 102,77 103,78 104,79 104,80 105,81 105,82 106,83 107,83 108,83 109,83 110,82 110,81 110,80 110,79 109,78 109,77 109,76 110,75 110,74 111,73 111,72 110,71 110,70 110,69 111,68 112,67 113,66 114,66 115,65 116,65 117,64 118,64 119,64 120,65 121,66 122,67 121,68 120,68 119,69 118,69 117,69 116,70 116,71 116,72 116,73 117,74
27,236 27,235 28,234 27,234 26,234 26,235 25,236 24,235 23,235 22,235 21,234 21,233 22,232 22,231 23,230 23,229 24,228 23,227 23,226 22,225 21,224 21,223 21,222 21,221 21,220 21,219 21,218 21,217 21,216 21,215 21,214 21,213 21,212 22,211 23,210 24,209 25,208 26,208 27,207 28,206 29,206 30,206 31,206 32,206 33,207 33,208 32,209 31,209 30,210 29,210 28,210 27,210 27,211 27,212 27,213 27,214 28,215 29,216 29,217 29,218 29,219 28,220 27,221 27,222 27,223 28,224 29,225 29,226 30,226 31,227 32,228 33,229 33,230 33,231 32,232 31,233 30,234 30,235 31,236 32,237 32,238 31,239 30,239 30,240 29,241 28,240 27,240 26,239 26,238 27,237
12,248 11,249 10,249 9,249 8,249 7,249 6,249 5,249 4,249 3,249 2,248 1,247 1,246 0,245 0,244 0,243 0,242 0,241 0,240 1,239 2,239 3,238 3,237 2,237 1,236 1,235 0,234 1,233 2,232 3,231 4,231 5,230 6,230 7,230 8,231 9,231 10,232 11,233 11,234 12,235 12,236 12,237 12,238 12,239 11,240 10,240 9,240 8,240 7,239 6,239 5,238 5,239 6,240 6,241 7,242 8,243 9,243 10,244 10,245 10,246 11,247
132,39 132,38 132,37 132,36 133,36 134,36 135,35 136,35 137,35 138,34 139,33 138,32 137,31 136,30 135,29 134,29 133,30 132,30 131,31 130,31 129,32 128,32 127,32 126,32 125,32 124,33 124,34 124,35 123,36 124,37 124,38 123,39 123,40 122,40 121,41 120,41 119,42 119,43 119,44 120,45 119,46 119,47 118,48 117,49 116,50 115,51 115,52 115,53 116,54 117,55 118,55 119,55 120,54 120,53 121,52 121,51 122,50 122,49 123,48 124,48 125,49 126,50 127,51 128,51 129,50 130,49 130,48 130,47 131,46 131,45 131,44 132,43 132,42 132,41 132,40
190,178 189,179 188,179 187,180 186,180 185,181 184,181 183,181 182,181 181,180 180,179 179,178 178,177 178,176 179,175 180,175 181,176 182,176 183,176 184,176 185,175 186,174 187,173 188,172 189,172 190,171 191,170 192,170 193,170 194,171 194,172 195,173 195,174 196,175 197,176 197,177 197,178 196,179 195,180 194,180 193,179 192,178 191,178
158,58 158,57 158,56 159,55 160,54 161,54 161,53 161,52 161,51 160,50 159,49 160,48 161,47 162,46 163,46 164,45 165,44 164,43 163,43 162,42 161,42 160,41 159,41 158,41 157,41 156,41 155,40 154,40 153,40 152,41 151,41 150,41 149,40 148,39 148,38 148,37 148,36 148,35 148,34 147,33 147,32 148,31 149,31 150,31 151,31 152,32 152,33 153,34 153,35 154,35 155,35 156,35 157,34 158,34 158,33 157,32 157,31 157,30 158,29 158,28 159,27 159,26 160,25 161,25 162,25 163,24 164,24 165,24 166,24 167,25 168,26 169,27 168,28 168,29 168,30 167,31 166,31 165,32 164,33 164,34 164,35 164,36 165,37 166,37 167,37 168,37 169,38 170,39 169,40 169,41 169,42 169,43 169,44 169,45 170,46 169,47 169,48 168,49 168,50 168,51 167,52 168,53 169,54 170,55 171,55 172,56 173,55 174,55 175,54 176,54 177,55 178,56 179,56 180,57 180,58 180,59 180,60 179,61 178,62 177,63 176,63 175,64 174,64 173,64 172,63 171,62 170,61 170,60 169,59 169,58 168,57 167,56 166,56 165,55 164,55 163,55 163,56 163,57 163,58 163,59 162,60 161,61 160,60 159,59
195,78 195,77 196,76 197,77 198,78 199,79 200,80 200,81 199,82 199,83 198,84 197,83 196,83 195,82 195,81 195,80 195,79
36,204 37,203 38,202 39,201 40,200 40,199 41,198 42,197 43,196 43,195 43,194 42,193 41,193 40,192 39,193 38,194 38,195 38,196 37,197 36,197 35,197 34,197 33,197 32,197 31,198 31,199 31,200 32,201 33,202 34,203 35,204
64,5 64,4 64,3 64,2 63,1 64,0 65,0 66,0 67,0 68,0 69,0 70,0 71,0 72,0 73,0 74,0 75,0 76,0 77,1 76,2 75,2 74,3 73,3 72,3 71,4 71,5 70,6 70,7 69,8 68,9 67,9 66,9 65,8 64,7 64,6
143,150 143,151 142,152 142,153 141,154 140,154 139,155 138,155 137,155 136,154 135,153 135,152 135,151 135,150 136,149 137,149 138,148 139,148 140,148 141,147 142,148 143,149
102,126 101,125 100,125 99,125 98,125 97,126 96,127 96,128 95,129 95,130 96,131 96,132 97,133 98,134 99,135 100,135 101,135 102,135 103,134 102,133 102,132 102,131 102,130 102,129 102,128 102,127
127,235 128,235 129,235 130,236 129,237 128,238 128,239 127,240 126,241 125,241 124,241 123,240 122,240 121,240 120,239 119,239 118,238 117,237 116,236 116,235 116,234 115,233 115,232 114,231 113,231 112,231 111,230 110,231 109,230 109,229 109,228 109,227 110,226 111,226 112,226 113,227 114,227 115,227 116,227 117,227 118,227 119,227 120,228 120,229 120,230 120,231 119,232 119,233 120,234 119,235 120,236 121,236 122,236 123,235 124,236 125,235 126,235
154,71 155,70 154,69 153,70
172,139 173,139 174,140 175,139 176,140 177,141 178,142 179,143 180,144 181,143 182,142 183,141 183,140 183,139 182,138 182,137 181,136 180,136 179,135 179,134 180,134 181,134 182,134 183,134 184,134 185,134 186,134 187,133 186,132 186,131 187,130 186,129 187,128 187,127 188,126 188,125 188,124 189,123 189,122 190,121 191,120 191,119 192,119 193,119 194,119 195,118 196,117 196,116 196,115 195,114 194,113 193,114 192,115 191,116 190,116 189,116 188,116 187,116 187,115 187,114 187,113 187,112 186,111 185,110 184,111 183,111 182,112 181,112 180,113 179,114 178,115 177,116 176,117 176,118 175,119 176,120 177,120 178,120 179,120 180,119 181,119 182,118 183,118 184,118 185,118 185,119 185,120 185,121 184,122 184,123 183,124 182,125 181,126 180,126 179,126 178,127 177,127 176,128 175,127 174,126 174,125 174,124 174,123 173,122 172,121 171,120 171,119 170,118 169,117 168,118 167,119 166,120 166,121 166,122 166,123 167,124 168,125 169,126 170,127 170,128 170,129 170,130 170,131 170,132 170,133 169,134 168,134 167,135 167,136 168,137 169,138 170,138 171,139
30,165 30,166 30,167 30,168 30,169 29,170 28,170 27,170 26,169 25,169 24,168 24,167 24,166 24,165 25,164 26,163 27,162 28,162 29,161 30,160 31,159 32,159 33,159 34,159 35,159 36,160 36,161 35,162 34,163 33,163 32,164 31,164
168,111 167,112 166,113 165,114 164,114 163,115 162,116 162,117 162,118 162,119 161,120 161,121 160,122 159,121 158,122 157,122 156,122 155,123 154,123 153,124 152,124 151,123 151,122 151,121 151,120 151,119 152,118 153,117 154,117 155,116 156,117 156,118 157,117 158,116 158,115 159,114 159,113 159,112 160,111 161,110 161,109 162,108 162,107 161,106 161,105 160,104 161,103 162,102 163,101 164,101 165,100 166,99 166,98 167,97 168,97 169,98 169,99 169,100 169,101 169,102 168,103 167,104 167,105 166,106 166,107 167,108 167,109 167,110
80,185 79,186 80,187 81,186
133,181 134,182 135,183 135,184 136,185 135,186 134,187 133,187 132,187 131,187 130,186 129,185 128,185 127,184 126,184 125,183 124,183 123,182 122,181 121,180 120,179 119,178 119,177 119,176 118,175 118,174 117,173 117,172 117,171 117,170 117,169 118,168 119,169 120,170 121,171 122,172 123,172 124,173 124,174 125,175 125,176 126,177 127,177 128,178 129,179 130,180 131,180 132,181
139,130 140,131 141,132 142,133 141,134 140,135 139,135 138,135 137,135 136,135 135,136 135,137 135,138 135,139 134,140 133,141 132,141 131,140 130,139 130,138 129,137 129,136 129,135 130,134 130,133 130,132 131,131 131,130 132,129 133,128 134,128 135,128 136,129 137,129 138,130
148,140 148,141 148,142 148,143 148,144 148,145 148,146 147,147 148,148 149,149 150,150 151,150 152,150 153,150 154,151 155,151 156,150 156,149 156,148 155,147 154,146 153,146 152,145 151,144 151,143 151,142 151,141 150,140 149,139
20,5 21,5 22,5 23,5 24,5 24,4 24,3 23,2 24,1 25,0 26,0 27,0 28,0 29,1 29,2 29,3 29,4 30,5 30,6 31,7 32,8 32,9 33,10 34,11 35,12 36,13 36,14 36,15 36,16 35,17 34,18 33,19 33,20 33,21 33,22 34,23 33,24 32,24 31,25 30,25 29,24 28,23 28,22 28,21 29,20 30,19 31,18 31,17 30,17 29,16 30,15 29,14 29,13 28,12 27,12 26,11 25,11 24,10 23,10 22,10 21,10 20,10 19,9 18,9 17,8 17,7 18,6 19,5
176,36 177,36 178,35 179,35 180,34 181,33 181,32 180,31 179,30 178,29 177,28 176,28 175,28 174,28 173,29 173,30 172,31 172,32 172,33 172,34 173,35 174,36 175,36
13,143 14,143 15,142 16,142 17,142 18,142 19,141 19,140 18,139 17,138 16,137 15,137 14,137 13,138 12,139 11,140 10,141 9,142 9,143 9,144 10,145 11,144 12,144
92,232 92,233 91,234 90,235 89,235 88,235 87,236 86,236 85,236 84,236 83,236 82,236 81,236 80,237 79,237 78,238 77,238 76,238 75,237 74,236 74,235 75,234 76,233 77,233 78,233 79,232 80,231 79,230 79,229 78,228 77,227 76,226 76,225 75,224 75,223 74,223 73,222 72,222 71,222 70,221 69,220 69,219 69,218 68,218 67,218 66,218 65,217 64,217 63,216 63,215 63,214 64,213 65,212 66,212 67,213 68,213 69,214 70,215 70,216 71,217 72,217 73,217 74,218 75,218 76,219 77,220 78,220 79,220 80,220 81,221 82,222 83,223 83,224 83,225 83,226 83,227 83,228 83,229 84,230 85,230 86,230 87,229 87,228 88,227 87,226 87,225 88,224 89,224 90,223 91,223 92,224 92,225 91,226 92,227 92,228 92,229 92,230 92,231
110,40 111,41 112,42 113,43 113,44 112,45 111,45 110,45 109,44 108,44 107,44 106,44 105,45 104,45 103,45 102,45 101,44 101,43 101,42 102,41 102,40 103,39 104,39 105,39 106,39 107,39 108,40 109,40
164,95 163,96 162,96 161,96 160,97 159,97 158,97 157,96 157,95 157,94 158,93 159,92 160,91 161,91 162,90 163,90 164,90 165,90 166,90 167,91 167,92 166,93 166,94 166,95 165,96
190,187 191,187 192,186 193,186 194,185 194,184 193,183 192,182 191,182 190,183 189,183 188,183 187,183 186,184 185,184 184,185 183,185 182,185 181,186 180,186 179,187 179,188 178,189 178,190 179,191 180,191 181,191 182,190 182,191 183,192 184,191 184,190 185,190 186,190 187,190 188,189 189,188
141,92 142,93 143,94 144,94 145,94 146,94 147,94 148,93 149,93 150,92 150,91 149,90 148,89 149,88 148,87 147,87 147,86 147,85 147,84 147,83 146,82 145,82 144,83 144,84 144,85 144,86 143,87 142,88 141,89 141,90 141,91
56,123 56,124 57,125 58,125 59,126 60,125 61,124 61,123 60,122 60,121 59,120 60,119 59,118 58,117 57,118 56,117 55,117 55,116 55,115 55,114 55,113 55,112 54,111 53,111 52,111 51,111 50,110 49,111 49,112 49,113 49,114 49,115 49,116 48,116 47,115 46,116 45,115 44,115 43,115 42,114 41,114 40,113 40,112 40,111 40,110 39,109 39,108 39,107 38,106 39,105 39,104 40,103 41,103 42,102 43,101 44,100 43,99 42,98 41,98 40,98 39,99 38,100 37,101 36,102 35,102 34,103 33,104 33,105 33,106 33,107 33,108 33,109 32,110 33,111 32,112 32,113 31,114 30,115 29,116 28,117 29,118 30,119 31,120 32,120 33,119 34,118 34,117 34,116 35,115 36,115 37,115 38,115 39,115 39,116 39,117 38,118 38,119 38,120 39,121 40,121 41,121 42,120 43,120 44,120 45,120 46,120 47,121 48,122 49,122 50,122 51,121 52,121 53,121 54,122 55,122
0,1 1,0 2,0 3,1 4,2 3,3 3,4 2,5 2,6 1,7 0,6 0,5 0,4 0,3 0,2
111,245 112,245 113,245 114,244 113,243 112,242 111,241 110,240 109,239 108,239 107,239 106,240 105,240 104,240 103,241 103,242 104,243 105,244 106,245 107,245 108,245 109,245 110,245
37,183 38,183 39,184 39,185 38,186 37,187 36,187 36,188 35,189 34,188 33,188 33,189 32,190 32,191 31,192 30,193 29,193 28,192 27,192 26,191 26,190 27,189 27,188 28,187 29,187 30,186 31,186 32,186 33,185 33,184 34,183 35,183 36,183
171,165 172,164 172,163 172,162 171,161 171,160 170,159 170,158 170,157 170,156 169,155 169,154 169,153 170,152 171,151 172,150 173,149 174,149 175,148 176,148 177,147 178,146 179,145 180,146 181,147 181,148 180,149 179,150 179,151 178,152 178,153 179,154 180,155 181,156 181,157 180,158 179,158 178,158 177,158 176,159 175,159 176,160 175,161 174,161 174,162 175,163 176,163 177,164 178,164 179,165 180,166 181,167 182,167 183,168 184,169 184,170 183,171 182,171 181,171 180,171 179,171 178,171 177,171 176,170 175,170 174,169 173,169 172,169 171,168 171,167 171,166
66,84 67,83 66,82 65,83
247,232 247,233 247,234 246,235 245,236 244,236 243,237 242,237 241,236 240,235 240,234 241,233 241,232 241,231 242,230 243,229 244,229 245,228 246,227 246,226 247,225 248,226 249,227 249,228 248,229 248,230 247,231
25,241 26,242 27,243 27,244 28,245 29,246 29,247 28,248 27,249 26,249 25,249 24,248 24,247 23,246 22,247 21,246 21,245 20,244 20,243 21,242 22,241 23,241 24,241
138,229 139,228 139,227 139,226 138,225 139,224 140,224 141,223 141,222 141,221 141,220 141,219 142,218 142,217 142,216 142,215 142,214 142,213 142,212 143,211 143,210 144,209 145,208 146,208 147,208 148,209 149,210 150,211 151,212 152,213 152,214 153,214 154,214 155,214 156,214 157,214 158,214 159,214 160,214 161,214 162,214 163,213 164,213 165,213 166,214 167,215 167,216 166,217 166,218 166,219 165,220 165,221 164,222 163,222 162,222 161,222 160,221 159,221 158,221 157,220 156,220 155,219 154,219 153,219 152,218 151,219 150,219 149,220 148,220 147,220 146,220 145,221 144,222 143,223 143,224 143,225 143,226 144,227 143,228 142,229 141,230 140,231 139,230
216,197 217,198 218,199 219,199 220,199 221,200 222,200 223,200 224,201 225,201 226,202 227,202 227,203 228,204 229,203 230,203 231,202 231,201 231,200 230,199 229,199 228,198 227,198 226,197 225,197 225,196 225,195 225,194 225,193 224,192 223,192 222,191 221,191 220,191 219,191 218,192 218,193 217,194 217,195 217,196
132,200 133,199 134,199 135,200 136,201 136,202 135,203 134,203 133,203 132,204 131,203 131,202 131,201
121,213 120,214 119,215 118,216 117,217 116,216 116,215 117,214 117,213 118,212 119,212 120,212
209,30 210,30 211,31 212,31 213,32 214,33 214,34 215,35 216,36 217,37 217,38 216,39 215,39 214,39 213,39 212,40 211,40 210,41 209,42 208,43 207,42 207,41 208,40 208,39 208,38 209,37 210,38 210,37 211,36 210,35 209,35 208,34 207,34 206,34 205,34 204,35 203,34 203,33 203,32 203,31 203,30 203,29 204,28 205,29 206,29 207,30 208,30
100,184 99,185 98,186 97,187 97,188 96,189 95,190 94,191 93,192 92,193 91,194 91,195 92,196 93,196 94,197 95,197 96,197 97,197 98,197 99,198 100,198 101,199 102,199 103,198 103,197 103,196 102,195 102,194 101,193 101,192 100,191 100,190 100,189 100,188 101,187 102,187 103,187 104,187 105,187 106,186 107,185 107,184 106,183 105,182 104,183 103,183 102,183 101,184
103,76 103,75 103,74 104,73 103,72 103,71 102,70 101,69 100,68 99,68 98,67 97,66 96,65 95,65 94,64 93,64 92,64 91,65 92,66 92,67 91,68 92,69 93,70 94,70 95,70 96,71 96,72 96,73 96,74 97,75 98,75 99,75 100,76 101,76 102,77
190,30 191,29 192,30 191,31
191,235 190,234 190,233 190,232 190,231 190,230 191,229 192,228 193,229 194,230 195,231 195,232 196,233 195,234 194,235 193,235 192,236
196,129 197,129 198,130 199,130 200,131 201,131 202,132 203,133 203,134 203,135 203,136 202,137 202,138 202,139 201,140 200,141 199,140 198,139 197,138 196,137 196,136 196,135 195,134 194,133 194,132 194,131 194,130 195,129
55,46 54,47 53,46 54,45
119,188 120,187 121,186 121,185 120,184 119,184 118,184 117,184 116,184 116,183 115,182 115,181 115,180 114,179 113,178 112,178 111,177 110,176 109,175 109,174 109,173 109,172 109,171 109,170 109,169 109,168 109,167 109,166 108,165 107,165 106,165 105,166 105,167 105,168 105,169 105,170 105,171 104,172 104,173 104,174 104,175 104,176 104,177 105,178 105,179 106,180 107,180 108,181 109,181 110,182 111,183 112,184 113,184 114,185 115,186 116,187 117,187 118,187
179,212 179,213 179,214 180,215 181,215 182,214 183,214 184,213 185,212 185,211 185,210 185,209 185,208 185,207 186,206 187,206 188,205 189,205 190,204 190,203 190,202 190,201 189,200 189,199 188,198 187,197 186,197 185,196 184,197 184,198 183,199 183,200 182,200 181,201 182,202 182,203 182,204 183,205 183,206 183,207 182,208 181,209 181,210 180,211
62,75 62,76 61,77 60,78 60,79 59,80 60,81 60,82 60,83 60,84 59,85 59,86 59,87 59,88 59,89 60,90 60,91 59,92 59,93 59,94 58,95 58,96 58,97 58,98 58,99 58,100 57,101 56,101 55,101 54,100 54,99 53,98 53,97 54,96 55,95 55,94 55,93 55,92 54,91 54,90 54,89 54,88 54,87 53,87 52,86 52,85 51,84 51,83 50,83 49,83 48,83 47,83 46,83 45,83 44,83 43,84 42,84 41,84 40,83 39,82 40,81 41,80 42,79 43,79 44,79 45,79 46,79 47,79 48,79 49,79 50,79 51,80 52,80 53,80 54,79 55,78 55,77 55,76 56,75 57,74 58,73 59,74 60,74 61,74
165,149 166,149 167,148 168,147 167,146 166,146 165,145 164,146 164,147 164,148
27,176 26,175 25,176 26,177
191,55 192,54 193,53 192,52 191,51 190,51 189,50 188,50 187,49 186,49 185,48 185,47 185,46 184,45 183,44 182,45 181,46 181,47 181,48 182,49 182,50 183,51 184,52 185,53 185,54 185,55 185,56 185,57 185,58 185,59 184,60 185,61 186,61 187,62 188,62 189,61 190,60 190,59 190,58 190,57 190,56
155,62 156,63 157,64 157,65 158,66 157,67 157,68 158,68 159,68 160,68 161,67 162,68 163,69 163,70 163,71 162,72 161,73 160,74 159,73 158,72 157,71 156,70 155,70 154,69 153,69 152,68 152,67 151,67 150,67 149,68 149,69 148,70 147,71 147,72 147,73 146,74 145,75 144,76 143,76 142,76 141,76 140,76 139,75 138,75 137,75 136,74 135,75 135,76 135,77 135,78 134,79 133,80 132,80 131,80 130,80 129,80 128,79 127,78 127,77 126,76 126,75 125,76 124,76 123,76 122,76 121,75 121,74 121,73 121,72 122,71 122,70 123,69 124,68 125,67 126,67 127,68 128,69 128,70 129,71 128,72 129,72 130,72 131,71 132,71 133,71 134,71 135,71 136,70 137,70 138,70 139,70 140,70 141,71 142,71 143,71 144,71 145,70 144,69 143,68 144,67 145,66 146,65 146,64 146,63 147,62 148,61 149,60 150,60 151,60 152,61 153,61 154,62
242,216 241,217 240,217 239,218 238,218 237,219 236,220 236,221 235,222 235,223 235,224 234,225 235,226 236,227 237,228 238,227 239,226 239,225 240,224 241,223 242,223 243,223 244,223 244,224 245,225 246,224 246,223 246,222 246,221 246,220 246,219 247,218 248,217 248,216 249,215 249,214 248,213 247,213 246,213 245,213 244,212 243,213 243,214 243,215
131,214 131,215 132,215 133,216 134,215 135,216 135,217 135,218 135,219 134,220 134,221 134,222 133,223 132,224 132,225 132,226 132,227 132,228 131,229 130,229 129,230 128,230 127,229 126,228 127,227 128,226 129,225 129,224 129,223 128,222 128,221 127,220 127,219 126,219 125,218 124,217 124,216 124,215 124,214 125,213 125,212 125,211 126,210 127,211 128,210 129,211 130,212 130,213
124,161 125,160 124,159 123,160
76,31 76,32 76,33 76,34 77,35 77,36 77,37 78,38 79,39 80,39 81,38 82,37 82,36 82,35 82,34 82,33 82,32 82,31 81,30 80,29 79,29 78,29 77,30
107,95 108,96 108,97 109,98 110,99 111,100 112,100 113,101 114,102 114,103 114,104 113,104 112,105 111,105 110,106 109,105 108,106 108,107 107,108 107,109 107,110 107,111 108,112 109,112 110,112 111,112 112,111 113,111 112,112 111,113 111,114 111,115 112,116 112,117 113,118 114,118 115,118 115,119 116,120 117,119 118,119 119,118 119,117 118,116 118,115 118,114 117,113 117,112 117,111 118,110 119,110 120,111 121,110 122,110 123,111 124,112 125,112 126,113 127,113 128,113 129,112 129,111 129,110 128,109 127,109 126,108 125,108 124,107 123,106 122,107 121,106 120,106 119,105 120,105 121,105 122,105 123,104 124,103 124,102 125,101 124,100 123,100 122,100 121,100 120,100 119,99 118,99 117,98 116,98 116,97 115,96 114,96 113,95 112,94 112,93 112,92 111,91 111,90 110,89 109,89 108,88 107,89 107,90 107,91 107,92 107,93 107,94
193,137 193,138 192,139 191,139 190,140 189,141 188,140 187,139 187,138 187,137 188,136 189,136 190,136 191,136 192,136
248,17 249,18 249,19 249,20 249,21 249,22 249,23 249,24 249,25 249,26 249,27 249,28 248,29 247,29 246,29 245,28 244,27 244,26 244,25 244,24 245,23 245,22 245,21 245,20 245,19 246,18 247,17
244,2 245,1 246,2 245,3
173,145 174,144 173,143 172,144
120,226 121,227 120,228 119,227
244,187 243,186 243,185 243,184 244,183 245,182 246,182 247,181 248,181 249,182 249,183 249,184 249,185 248,186 247,187 246,187 245,187
189,7 189,6 189,5 188,4 187,3 186,2 186,1 185,0 184,0 183,0 182,0 181,0 180,1 180,2 180,3 180,4 181,5 182,6 183,7 184,8 185,9 186,9 187,9 188,8
117,194 116,194 115,195 114,196 113,197 112,196 111,196 110,196 109,197 108,198 107,199 107,200 106,201 105,201 104,202 103,203 103,204 102,204 101,205 102,206 102,207 102,208 102,209 101,209 100,209 99,208 98,208 97,207 96,207 95,206 94,206 93,206 92,207 91,208 91,209 91,210 90,211 90,212 91,213 92,214 93,215 93,216 94,217 95,218 96,217 97,217 98,216 99,215 100,215 101,215 102,215 103,214 103,213 104,212 105,211 106,211 107,210 108,209 108,208 108,207 108,206 108,205 108,204 108,203 109,202 110,202 111,201 112,200 113,199 114,199 115,199 116,200 117,201 118,202 118,203 118,204 119,205 120,206 121,206 122,206 123,205 124,204 123,203 122,202 121,201 120,200 120,199 120,198 120,197 120,196 119,195 118,194
195,138 194,137 193,138 194,139
79,91 80,92 81,92 82,92 83,92 84,92 85,91 85,90 85,89 85,88 84,87 83,87 82,87 81,87 80,88 79,89 78,90
241,70 242,69 243,68 242,67 241,67 240,68 240,69
66,78 66,79 67,80 68,79 68,78 67,77
155,242 155,243 155,244 156,245 156,246 157,247 156,248 155,249 154,249 153,249 152,249 151,249 150,249 149,249 148,248 147,247 147,246 146,245 146,244 146,243 147,242 148,241 149,241 150,240 151,240 152,240 153,240 154,240 155,241
73,14 72,13 71,12 71,11 71,10 72,9 73,8 74,7 75,7 76,6 77,6 77,5 78,4 78,3 79,2 80,1 81,1 82,0 83,1 84,1 85,2 85,3 85,4 85,5 84,6 83,6 82,7 81,7 80,8 80,9 79,10 79,11 79,12 79,13 79,14 80,15 80,16 81,17 81,18 80,19 79,20 78,21 77,21 76,20 75,19 75,18 75,17 74,16 74,15
108,132 109,131 110,131 111,130 112,130 113,130 114,129 115,130 116,131 116,132 117,133 118,134 118,135 118,136 118,137 117,138 116,138 115,138 114,138 113,138 112,137 111,136 110,136 109,137 108,137 107,137 106,137 105,136 105,135 106,134 107,133
0,222 0,221 0,220 0,219 0,218 0,217 1,216 2,216 3,217 3,218 4,219 4,220 4,221 4,222 3,223 2,224 2,225 1,226 0,225 0,224 0,223